Arguments: 
  C:\Program Files\nodejs\node.exe C:\Program Files (x86)\Yarn\bin\yarn.js add @types/webpack.env -D

PATH: 
  C:\Users\C5311821\Desktop\to-do-list\node_modules\.bin;C:\Program Files\SapMachine\JDK\11\bin;C:\Windows\system32;C:\Windows;C:\Windows\System32\Wbem;C:\Windows\System32\WindowsPowerShell\v1.0\;C:\Windows\System32\OpenSSH\;C:\Program Files\nodejs\;C:\Program Files\Git\cmd;C:\Program Files (x86)\Yarn\bin\;C:\Ruby27-x64\bin;C:\Users\C5311821\AppData\Local\Microsoft\WindowsApps;C:\Users\C5311821\AppData\Roaming\npm;C:\Users\C5311821\AppData\Local\Programs\Microsoft VS Code\bin;C:\Users\C5311821\AppData\Local\GitHubDesktop\bin;C:\Users\C5311821\AppData\Local\Yarn\bin

Yarn version: 
  1.22.4

Node version: 
  14.8.0

Platform: 
  win32 x64

Trace: 
  Error: https://registry.yarnpkg.com/@types%2fwebpack.env: Not found
      at Request.params.callback [as _callback] (C:\Program Files (x86)\Yarn\lib\cli.js:66096:18)
      at Request.self.callback (C:\Program Files (x86)\Yarn\lib\cli.js:140748:22)
      at Request.emit (events.js:314:20)
      at Request.<anonymous> (C:\Program Files (x86)\Yarn\lib\cli.js:141720:10)
      at Request.emit (events.js:314:20)
      at IncomingMessage.<anonymous> (C:\Program Files (x86)\Yarn\lib\cli.js:141642:12)
      at Object.onceWrapper (events.js:420:28)
      at IncomingMessage.emit (events.js:326:22)
      at endReadableNT (_stream_readable.js:1244:12)
      at processTicksAndRejections (internal/process/task_queues.js:80:21)

npm manifest: 
  {
    "name": "react-project",
    "version": "1.0.0",
    "description": "",
    "main": "index.js",
    "scripts": {
      "start": "cross-env NODE_ENV=dev webpack-dev-server --inline --progress --colors",
      "dashboard": "cross-env NODE_ENV=dev webpack-dashboard webpack-dev-server",
      "build": "cross-env NODE_ENV=production webpack --config ./webpack.production.config.js --progress --colors",
      "dll": "webpack --config webpack.vendor.config.js",
      "test": "echo \"Error: no test specified\" && exit 1"
    },
    "author": "dragonhyh123",
    "license": "ISC",
    "dependencies": {
      "@testing-library/jest-dom": "^4.2.4",
      "@testing-library/react": "^9.3.2",
      "@testing-library/user-event": "^7.1.2",
      "@types/jest": "^24.0.0",
      "@types/node": "^12.0.0",
      "@types/react": "^16.9.0",
      "@types/react-dom": "^16.9.0",
      "@types/react-redux": "^7.1.9",
      "@types/redux": "^3.6.0",
      "antd": "^4.6.6",
      "moment": "^2.29.0",
      "react": "^16.13.1",
      "react-dom": "^16.13.1",
      "react-redux": "^7.2.1",
      "react-router-dom": "^5.2.0",
      "react-scripts": "3.4.3",
      "redux": "^4.0.5",
      "typescript": "~3.7.2"
    },
    "devDependencies": {
      "@babel/core": "^7.11.6",
      "@babel/plugin-transform-runtime": "^7.11.5",
      "@babel/preset-env": "^7.11.5",
      "@babel/preset-react": "^7.10.4",
      "@babel/preset-typescript": "^7.10.4",
      "@typescript-eslint/eslint-plugin": "^4.3.0",
      "@typescript-eslint/parser": "^4.3.0",
      "autoprefixer": "^10.0.1",
      "babel-loader": "^8.1.0",
      "eslint": "^7.10.0",
      "eslint-config-google": "^0.14.0",
      "eslint-plugin-react": "^7.21.2",
      "extract-text-webpack-plugin": "^4.0.0-beta.0",
      "happypack": "^5.0.1",
      "html-webpack-plugin": "^4.4.1",
      "husky": "^4.3.0",
      "lint-staged": "^10.4.0",
      "node-sass": "^4.14.1",
      "open-browser-webpack-plugin": "0.0.5",
      "postcss-cssnext": "^3.1.0",
      "postcss-loader": "^4.0.2",
      "pre-commit": "^1.2.2",
      "react-hot-loader": "^4.13.0",
      "react-router-config": "^5.1.1",
      "sass-loader": "^10.0.2",
      "stylelint": "^13.7.2",
      "stylelint-config-standard": "^20.0.0",
      "ts-loader": "^8.0.4",
      "tslint": "^6.1.3",
      "uglifyjs-webpack-plugin": "^2.2.0",
      "webpack": "^4.44.2",
      "webpack-bundle-analyzer": "^3.9.0",
      "webpack-cli": "^3.3.12",
      "webpack-dashboard": "^3.2.1",
      "webpack-dev-server": "^3.11.0",
      "webpack-merge": "^5.1.3"
    }
  }

yarn manifest: 
  No manifest

Lockfile: 
  No lockfile
